2023-08-27 13:07:59 - PHP Warning:  imagecreatefrompng(): gd-png: libpng warning: iCCP: known incorrect sRGB profile in W:\domains\site-one\system\library\image.php on line 45
2023-08-27 13:07:59 - PHP Warning:  imagecreatefrompng(): gd-png: libpng warning: iCCP: cHRM chunk does not match sRGB in W:\domains\site-one\system\library\image.php on line 45
2023-08-27 13:08:33 - PHP Warning:  imagecreatefrompng(): gd-png: libpng warning: iCCP: known incorrect sRGB profile in W:\domains\site-one\system\library\image.php on line 45
2023-08-27 13:08:33 - PHP Warning:  imagecreatefrompng(): gd-png: libpng warning: iCCP: cHRM chunk does not match sRGB in W:\domains\site-one\system\library\image.php on line 45
2023-08-27 13:08:33 - PHP Warning:  imagecreatefrompng(): gd-png: libpng warning: iCCP: known incorrect sRGB profile in W:\domains\site-one\system\library\image.php on line 45
2023-08-27 13:08:33 - PHP Warning:  imagecreatefrompng(): gd-png: libpng warning: iCCP: cHRM chunk does not match sRGB in W:\domains\site-one\system\library\image.php on line 45
2024-04-14 15:24:17 - PHP Warning:  fread(): Length parameter must be greater than 0 in W:\domains\site-one\system\library\cache\file.php on line 32
2024-04-14 15:28:10 - PHP Warning:  fread(): Length parameter must be greater than 0 in W:\domains\site-one\system\library\cache\file.php on line 32
2024-04-14 15:31:37 - PHP Warning:  fread(): Length parameter must be greater than 0 in W:\domains\site-one\system\library\cache\file.php on line 32
2024-04-15 14:28:36 - PHP Warning:  fread(): Length parameter must be greater than 0 in W:\domains\site-one\system\library\cache\file.php on line 32
2024-04-18 7:23:55 - PHP Warning:  Invalid argument supplied for foreach() in W:\domains\site-one\system\storage\modification\system\engine\loader.php on line 83
2024-04-28 14:27:17 - PHP Warning:  Invalid argument supplied for foreach() in W:\domains\site-one\catalog\controller\checkout\cart.php on line 390
2024-04-28 14:28:11 - PHP Warning:  Invalid argument supplied for foreach() in W:\domains\site-one\catalog\controller\checkout\cart.php on line 390
2024-04-28 14:32:22 - PHP Notice:  Undefined variable: unit_price in W:\domains\site-one\catalog\controller\common\cart.php on line 68
2024-04-28 14:32:22 - PHP Notice:  Undefined variable: unit_price in W:\domains\site-one\catalog\controller\common\cart.php on line 69
2024-04-28 14:32:24 - PHP Notice:  Undefined variable: unit_price in W:\domains\site-one\catalog\controller\common\cart.php on line 68
2024-04-28 14:32:24 - PHP Notice:  Undefined variable: unit_price in W:\domains\site-one\catalog\controller\common\cart.php on line 69
2024-04-28 14:32:26 - PHP Notice:  Undefined variable: unit_price in W:\domains\site-one\catalog\controller\common\cart.php on line 68
2024-04-28 14:32:26 - PHP Notice:  Undefined variable: unit_price in W:\domains\site-one\catalog\controller\common\cart.php on line 69
2024-04-28 15:42:10 - PHP Warning:  require(path/to/PHPMailer/src/Exception.php): failed to open stream: No such file or directory in W:\domains\site-one\catalog\controller\account\register.php on line 322
